<?xml version="1.0" encoding="UTF-8"?>
<testng-results skipped="0" failed="0" ignored="0" total="1" passed="1">
  <reporter-output>
  </reporter-output>
  <suite name="Default suite" duration-ms="28151" started-at="2017-12-18T05:51:08Z" finished-at="2017-12-18T05:51:36Z">
    <groups>
    </groups>
    <test name="Default test" duration-ms="28151" started-at="2017-12-18T05:51:08Z" finished-at="2017-12-18T05:51:36Z">
      <class name="test.Testcase">
        <test-method status="PASS" signature="setup()[pri:0, instance:test.Testcase@4501b7af]" name="setup" is-config="true" duration-ms="27888" started-at="2017-12-18T11:21:08Z" finished-at="2017-12-18T11:21:35Z">
          <reporter-output>
          </reporter-output>
        </test-method> <!-- setup -->
        <test-method status="PASS" signature="testMethod()[pri:0, instance:test.Testcase@4501b7af]" name="testMethod" duration-ms="249" started-at="2017-12-18T11:21:35Z" finished-at="2017-12-18T11:21:36Z">
          <reporter-output>
          </reporter-output>
        </test-method> <!-- testMethod -->
      </class> <!-- test.Testcase -->
    </test> <!-- Default test -->
  </suite> <!-- Default suite -->
</testng-results>
